/home/pezia/.rvm/gems/ruby-2.1.0/gems/thrift-0.9.1/lib/thrift/server/thread_pool_server.rb:47:in `push': Interrupt
	from /home/pezia/.rvm/gems/ruby-2.1.0/gems/thrift-0.9.1/lib/thrift/server/thread_pool_server.rb:47:in `block in serve'
	from /home/pezia/.rvm/gems/ruby-2.1.0/gems/thrift-0.9.1/lib/thrift/server/thread_pool_server.rb:46:in `loop'
	from /home/pezia/.rvm/gems/ruby-2.1.0/gems/thrift-0.9.1/lib/thrift/server/thread_pool_server.rb:46:in `serve'
	from player/rb/player_service.rb:6:in `<main>'
Shutting down server
Shutting down server
Shutting down server
Shutting down server
/home/pezia/.rvm/gems/ruby-2.1.0/gems/thrift-0.9.1/lib/thrift/server/thread_pool_server.rb:47:in `push': Interrupt
	from /home/pezia/.rvm/gems/ruby-2.1.0/gems/thrift-0.9.1/lib/thrift/server/thread_pool_server.rb:47:in `block in serve'
	from /home/pezia/.rvm/gems/ruby-2.1.0/gems/thrift-0.9.1/lib/thrift/server/thread_pool_server.rb:46:in `loop'
	from /home/pezia/.rvm/gems/ruby-2.1.0/gems/thrift-0.9.1/lib/thrift/server/thread_pool_server.rb:46:in `serve'
	from player/rb/player_service.rb:6:in `<main>'
/home/pezia/.rvm/gems/ruby-2.1.0/gems/thrift-0.9.1/lib/thrift/server/thread_pool_server.rb:47:in `push': Interrupt
	from /home/pezia/.rvm/gems/ruby-2.1.0/gems/thrift-0.9.1/lib/thrift/server/thread_pool_server.rb:47:in `block in serve'
	from /home/pezia/.rvm/gems/ruby-2.1.0/gems/thrift-0.9.1/lib/thrift/server/thread_pool_server.rb:46:in `loop'
	from /home/pezia/.rvm/gems/ruby-2.1.0/gems/thrift-0.9.1/lib/thrift/server/thread_pool_server.rb:46:in `serve'
	from player/rb/player_service.rb:6:in `<main>'
/home/pezia/.rvm/gems/ruby-2.1.0/gems/thrift-0.9.1/lib/thrift/server/thread_pool_server.rb:47:in `push': Interrupt
	from /home/pezia/.rvm/gems/ruby-2.1.0/gems/thrift-0.9.1/lib/thrift/server/thread_pool_server.rb:47:in `block in serve'
	from /home/pezia/.rvm/gems/ruby-2.1.0/gems/thrift-0.9.1/lib/thrift/server/thread_pool_server.rb:46:in `loop'
	from /home/pezia/.rvm/gems/ruby-2.1.0/gems/thrift-0.9.1/lib/thrift/server/thread_pool_server.rb:46:in `serve'
	from player/rb/player_service.rb:6:in `<main>'
/home/pezia/.rvm/gems/ruby-2.1.0/gems/thrift-0.9.1/lib/thrift/server/thread_pool_server.rb:47:in `push': Interrupt
	from /home/pezia/.rvm/gems/ruby-2.1.0/gems/thrift-0.9.1/lib/thrift/server/thread_pool_server.rb:47:in `block in serve'
	from /home/pezia/.rvm/gems/ruby-2.1.0/gems/thrift-0.9.1/lib/thrift/server/thread_pool_server.rb:46:in `loop'
	from /home/pezia/.rvm/gems/ruby-2.1.0/gems/thrift-0.9.1/lib/thrift/server/thread_pool_server.rb:46:in `serve'
	from player/rb/player_service.rb:6:in `<main>'
Shutting down server
Shutting down server
Shutting down server
Shutting down server
Shutting down server
